<?xml version="1.0" encoding="UTF-8"?>
<!-- Generated by org.testng.reporters.JUnitReportReporter -->
<testsuite hostname="HP-DESKTOP-743MV2T" failures="0" tests="1" name="maven.testng.NewTest" time="0.012" errors="0" timestamp="29 Jan 2019 04:33:16 GMT" skipped="0">
  <testcase classname="maven.testng.NewTest" name="f" time="0.012"/>
</testsuite> <!-- maven.testng.NewTest -->
