<?xml version="1.0" encoding="UTF-8"?>
<!-- Generated by org.testng.reporters.JUnitReportReporter -->
<testsuite hostname="HP-DESKTOP-743MV2T" failures="0" tests="3" name="maven.testng.CaseStudyNineTest" time="30.336" errors="0" timestamp="01 Feb 2019 03:44:56 GMT" skipped="0">
  <testcase classname="maven.testng.CaseStudyNineTest" name="testLogin" time="6.562"/>
  <testcase classname="maven.testng.CaseStudyNineTest" name="testBrowseBlog" time="17.155"/>
  <testcase classname="maven.testng.CaseStudyNineTest" name="testLogout" time="6.619"/>
</testsuite> <!-- maven.testng.CaseStudyNineTest -->
